<?xml version="1.0" encoding="UTF-8"?>
<!-- Generated by org.testng.reporters.JUnitXMLReporter -->
<testsuite ignored="0" hostname="EC2AMAZ-S11DBRH" failures="2" tests="6" name="Test" time="24.072" errors="0" timestamp="2024-03-13T07:25:17 GMT">
  <testcase classname="selenium.Chkbox2" name="testcase1" time="3.55"/>
  <testcase classname="selenium.Chkbox2" name="testcase2" time="0.13"/>
  <testcase classname="selenium.Chkbox2" name="testcase3" time="0.09">
    <failure type="java.lang.AssertionError" message="expected [true] but found [false]">
      <![CDATA[java.lang.AssertionError: expected [true] but found [false]
at selenium.Chkbox2.testcase3(Chkbox2.java:45)
at java.base/java.util.ArrayList.forEach(ArrayList.java:1511)
... Removed 31 stack frames]]>
    </failure>
  </testcase> <!-- testcase3 -->
  <testcase classname="selenium.Chkbox3" name="testcase1" time="1.147"/>
  <testcase classname="selenium.Chkbox3" name="testcase2" time="0.33"/>
  <testcase classname="selenium.Chkbox3" name="testcase3" time="0.231">
    <failure type="java.lang.AssertionError" message="expected [true] but found [false]">
      <![CDATA[java.lang.AssertionError: expected [true] but found [false]
at selenium.Chkbox3.testcase3(Chkbox3.java:47)
at java.base/java.util.ArrayList.forEach(ArrayList.java:1511)
... Removed 31 stack frames]]>
    </failure>
  </testcase> <!-- testcase3 -->
</testsuite> <!-- Test -->
